<?xml version="1.0" encoding="UTF-8"?>
<testng-results skipped="0" failed="0" total="3" passed="3">
  <reporter-output>
  </reporter-output>
  <suite name="Default suite" duration-ms="126" started-at="2021-03-30T12:09:14Z" finished-at="2021-03-30T12:09:14Z">
    <groups>
    </groups>
    <test name="Default test" duration-ms="126" started-at="2021-03-30T12:09:14Z" finished-at="2021-03-30T12:09:14Z">
      <class name="Testcases01">
        <test-method status="PASS" signature="exampleOfTestNgMaven()[pri:0, instance:Testcases01@3551a94]" name="exampleOfTestNgMaven" duration-ms="32" started-at="2021-03-30T17:39:14Z" finished-at="2021-03-30T17:39:14Z">
          <reporter-output>
          </reporter-output>
        </test-method> <!-- exampleOfTestNgMaven -->
        <test-method status="PASS" signature="exampleOfTestNgMaven1()[pri:0, instance:Testcases01@3551a94]" name="exampleOfTestNgMaven1" duration-ms="3" started-at="2021-03-30T17:39:14Z" finished-at="2021-03-30T17:39:14Z">
          <reporter-output>
          </reporter-output>
        </test-method> <!-- exampleOfTestNgMaven1 -->
        <test-method status="PASS" signature="exampleOfTestNgMaven2()[pri:0, instance:Testcases01@3551a94]" name="exampleOfTestNgMaven2" duration-ms="8" started-at="2021-03-30T17:39:14Z" finished-at="2021-03-30T17:39:14Z">
          <reporter-output>
          </reporter-output>
        </test-method> <!-- exampleOfTestNgMaven2 -->
      </class> <!-- Testcases01 -->
    </test> <!-- Default test -->
  </suite> <!-- Default suite -->
</testng-results>
